2021-08-27 12:24:13.620 +06:00 [INF] Application Starting up
2021-08-27 12:26:30.320 +06:00 [INF] Application Starting up
2021-08-27 12:27:53.606 +06:00 [INF] Application Starting up
2021-08-27 12:30:24.143 +06:00 [INF] Application Starting up
2021-08-27 12:31:56.765 +06:00 [INF] Application Starting up
2021-08-27 12:33:54.015 +06:00 [INF] Application Starting up
2021-08-27 12:34:54.199 +06:00 [INF] Application Starting up
2021-08-27 12:35:50.008 +06:00 [INF] Application Starting up
2021-08-27 12:38:00.019 +06:00 [INF] Application Starting up
2021-08-27 12:39:15.871 +06:00 [INF] Application Starting up
2021-08-27 12:40:01.855 +06:00 [INF] Application Starting up
2021-08-27 12:41:02.893 +06:00 [INF] Application Starting up
2021-08-27 12:42:21.568 +06:00 [INF] Application Starting up
2021-08-27 15:20:02.014 +06:00 [INF] Application Starting up
2021-08-27 15:20:32.654 +06:00 [ERR] The view 'Create' was not found. Searched locations: ["/Areas/Admin/Views/Team/Create.cshtml","/Areas/Admin/Views/Shared/Create.cshtml","/Views/Shared/Create.cshtml","/Pages/Shared/Create.cshtml"]
2021-08-27 15:20:32.680 +06:00 [ERR] An unhandled exception has occurred while executing the request.
System.InvalidOperationException: The view 'Create' was not found. The following locations were searched:
/Areas/Admin/Views/Team/Create.cshtml
/Areas/Admin/Views/Shared/Create.cshtml
/Views/Shared/Create.cshtml
/Pages/Shared/Create.cshtml
   at Microsoft.AspNetCore.Mvc.ViewEngines.ViewEngineResult.EnsureSuccessful(IEnumerable`1 originalLocations)
   at Microsoft.AspNetCore.Mvc.ViewFeatures.ViewResultExecutor.ExecuteAsync(ActionContext context, ViewResult result)
   at Microsoft.AspNetCore.Mvc.ViewResult.ExecuteResultAsync(ActionContext context)
   at Microsoft.AspNetCore.Mvc.Infrastructure.ResourceInvoker.<InvokeNextResultFilterAsync>g__Awaited|29_0[TFilter,TFilterAsync](ResourceInvoker invoker, Task lastTask, State next, Scope scope, Object state, Boolean isCompleted)
   at Microsoft.AspNetCore.Mvc.Infrastructure.ResourceInvoker.Rethrow(ResultExecutedContextSealed context)
   at Microsoft.AspNetCore.Mvc.Infrastructure.ResourceInvoker.ResultNext[TFilter,TFilterAsync](State& next, Scope& scope, Object& state, Boolean& isCompleted)
   at Microsoft.AspNetCore.Mvc.Infrastructure.ResourceInvoker.InvokeResultFilters()
--- End of stack trace from previous location ---
   at Microsoft.AspNetCore.Mvc.Infrastructure.ResourceInvoker.<InvokeNextResourceFilter>g__Awaited|24_0(ResourceInvoker invoker, Task lastTask, State next, Scope scope, Object state, Boolean isCompleted)
   at Microsoft.AspNetCore.Mvc.Infrastructure.ResourceInvoker.Rethrow(ResourceExecutedContextSealed context)
   at Microsoft.AspNetCore.Mvc.Infrastructure.ResourceInvoker.Next(State& next, Scope& scope, Object& state, Boolean& isCompleted)
   at Microsoft.AspNetCore.Mvc.Infrastructure.ResourceInvoker.InvokeFilterPipelineAsync()
--- End of stack trace from previous location ---
   at Microsoft.AspNetCore.Mvc.Infrastructure.ResourceInvoker.<InvokeAsync>g__Awaited|17_0(ResourceInvoker invoker, Task task, IDisposable scope)
   at Microsoft.AspNetCore.Routing.EndpointMiddleware.<Invoke>g__AwaitRequestTask|6_0(Endpoint endpoint, Task requestTask, ILogger logger)
   at Microsoft.AspNetCore.Session.SessionMiddleware.Invoke(HttpContext context)
   at Microsoft.AspNetCore.Session.SessionMiddleware.Invoke(HttpContext context)
   at Microsoft.AspNetCore.Authorization.AuthorizationMiddleware.Invoke(HttpContext context)
   at Microsoft.AspNetCore.Authentication.AuthenticationMiddleware.Invoke(HttpContext context)
   at Microsoft.AspNetCore.Diagnostics.EntityFrameworkCore.MigrationsEndPointMiddleware.Invoke(HttpContext context)
   at Microsoft.AspNetCore.Diagnostics.DeveloperExceptionPageMiddleware.Invoke(HttpContext context)
2021-08-27 15:20:33.945 +06:00 [ERR] An exception occurred while calculating the database error page content. Skipping display of the database error page.
System.InvalidOperationException: StatusCode cannot be set because the response has already started.
   at Microsoft.AspNetCore.Server.IIS.Core.IISHttpContext.ThrowResponseAlreadyStartedException(String name)
   at Microsoft.AspNetCore.Server.IIS.Core.IISHttpContext.set_StatusCode(Int32 value)
   at Microsoft.AspNetCore.Server.IIS.Core.IISHttpContext.Microsoft.AspNetCore.Http.Features.IHttpResponseFeature.set_StatusCode(Int32 value)
   at Microsoft.AspNetCore.Http.DefaultHttpResponse.set_StatusCode(Int32 value)
   at Microsoft.AspNetCore.Diagnostics.EntityFrameworkCore.Views.DatabaseErrorPage.ExecuteAsync()
   at Microsoft.Extensions.RazorViews.BaseView.ExecuteAsync(HttpContext context)
   at Microsoft.AspNetCore.Diagnostics.EntityFrameworkCore.DatabaseDeveloperPageExceptionFilter.HandleExceptionAsync(ErrorContext errorContext, Func`2 next)
2021-08-27 15:25:20.644 +06:00 [INF] Application Starting up
2021-08-27 15:25:56.880 +06:00 [ERR] Create Team Failed
AutoMapper.AutoMapperMappingException: Missing type map configuration or unsupported mapping.

Mapping types:
Object -> Team
System.Object -> Samsung.Placing.BusinessObjects.Team
   at lambda_method621(Closure , Object , Team , ResolutionContext )
   at Samsung.Web.Areas.Admin.Models.CreateTeamModel.Create() in D:\Code\Samsung\Samsung.Web\Areas\Admin\Models\CreateTeamModel.cs:line 35
   at Samsung.Web.Areas.Admin.Controllers.TeamController.Create(CreateTeamModel model) in D:\Code\Samsung\Samsung.Web\Areas\Admin\Controllers\TeamController.cs:line 49
2021-08-27 15:28:19.565 +06:00 [INF] Application Starting up
2021-08-27 15:36:05.820 +06:00 [INF] Application Starting up
2021-08-27 15:36:44.897 +06:00 [ERR] Create Team Failed
AutoMapper.AutoMapperMappingException: Missing type map configuration or unsupported mapping.

Mapping types:
Object -> Team
System.Object -> Samsung.Placing.BusinessObjects.Team
   at lambda_method621(Closure , Object , Team , ResolutionContext )
   at Samsung.Web.Areas.Admin.Models.CreateTeamModel.Create() in D:\Code\Samsung\Samsung.Web\Areas\Admin\Models\CreateTeamModel.cs:line 35
   at Samsung.Web.Areas.Admin.Controllers.TeamController.Create(CreateTeamModel model) in D:\Code\Samsung\Samsung.Web\Areas\Admin\Controllers\TeamController.cs:line 49
2021-08-27 15:43:16.156 +06:00 [INF] Application Starting up
2021-08-27 15:43:51.883 +06:00 [ERR] Create Team Failed
AutoMapper.AutoMapperMappingException: Missing type map configuration or unsupported mapping.

Mapping types:
Object -> Team
System.Object -> Samsung.Placing.BusinessObjects.Team
   at lambda_method596(Closure , Object , Team , ResolutionContext )
   at Samsung.Web.Areas.Admin.Models.CreateTeamModel.Create() in D:\Code\Samsung\Samsung.Web\Areas\Admin\Models\CreateTeamModel.cs:line 35
   at Samsung.Web.Areas.Admin.Controllers.TeamController.Create(CreateTeamModel model) in D:\Code\Samsung\Samsung.Web\Areas\Admin\Controllers\TeamController.cs:line 49
2021-08-27 15:43:59.831 +06:00 [ERR] Create Team Failed
AutoMapper.AutoMapperMappingException: Missing type map configuration or unsupported mapping.

Mapping types:
Object -> Team
System.Object -> Samsung.Placing.BusinessObjects.Team
   at lambda_method596(Closure , Object , Team , ResolutionContext )
   at Samsung.Web.Areas.Admin.Models.CreateTeamModel.Create() in D:\Code\Samsung\Samsung.Web\Areas\Admin\Models\CreateTeamModel.cs:line 35
   at Samsung.Web.Areas.Admin.Controllers.TeamController.Create(CreateTeamModel model) in D:\Code\Samsung\Samsung.Web\Areas\Admin\Controllers\TeamController.cs:line 49
2021-08-27 15:45:36.405 +06:00 [INF] Application Starting up
2021-08-27 15:46:29.948 +06:00 [ERR] An unhandled exception has occurred while executing the request.
AutoMapper.AutoMapperMappingException: Missing type map configuration or unsupported mapping.

Mapping types:
Object -> Team
System.Object -> Samsung.Placing.BusinessObjects.Team
   at lambda_method621(Closure , Object , Team , ResolutionContext )
   at Samsung.Web.Areas.Admin.Models.CreateTeamModel.Create() in D:\Code\Samsung\Samsung.Web\Areas\Admin\Models\CreateTeamModel.cs:line 35
   at Samsung.Web.Areas.Admin.Controllers.TeamController.Create(CreateTeamModel model) in D:\Code\Samsung\Samsung.Web\Areas\Admin\Controllers\TeamController.cs:line 45
   at lambda_method618(Closure , Object , Object[] )
   at Microsoft.AspNetCore.Mvc.Infrastructure.ActionMethodExecutor.SyncActionResultExecutor.Execute(IActionResultTypeMapper mapper, ObjectMethodExecutor executor, Object controller, Object[] arguments)
   at Microsoft.AspNetCore.Mvc.Infrastructure.ControllerActionInvoker.InvokeActionMethodAsync()
   at Microsoft.AspNetCore.Mvc.Infrastructure.ControllerActionInvoker.Next(State& next, Scope& scope, Object& state, Boolean& isCompleted)
   at Microsoft.AspNetCore.Mvc.Infrastructure.ControllerActionInvoker.InvokeNextActionFilterAsync()
--- End of stack trace from previous location ---
   at Microsoft.AspNetCore.Mvc.Infrastructure.ControllerActionInvoker.Rethrow(ActionExecutedContextSealed context)
   at Microsoft.AspNetCore.Mvc.Infrastructure.ControllerActionInvoker.Next(State& next, Scope& scope, Object& state, Boolean& isCompleted)
   at Microsoft.AspNetCore.Mvc.Infrastructure.ControllerActionInvoker.InvokeInnerFilterAsync()
--- End of stack trace from previous location ---
   at Microsoft.AspNetCore.Mvc.Infrastructure.ResourceInvoker.<InvokeNextResourceFilter>g__Awaited|24_0(ResourceInvoker invoker, Task lastTask, State next, Scope scope, Object state, Boolean isCompleted)
   at Microsoft.AspNetCore.Mvc.Infrastructure.ResourceInvoker.Rethrow(ResourceExecutedContextSealed context)
   at Microsoft.AspNetCore.Mvc.Infrastructure.ResourceInvoker.Next(State& next, Scope& scope, Object& state, Boolean& isCompleted)
   at Microsoft.AspNetCore.Mvc.Infrastructure.ResourceInvoker.InvokeFilterPipelineAsync()
--- End of stack trace from previous location ---
   at Microsoft.AspNetCore.Mvc.Infrastructure.ResourceInvoker.<InvokeAsync>g__Awaited|17_0(ResourceInvoker invoker, Task task, IDisposable scope)
   at Microsoft.AspNetCore.Routing.EndpointMiddleware.<Invoke>g__AwaitRequestTask|6_0(Endpoint endpoint, Task requestTask, ILogger logger)
   at Microsoft.AspNetCore.Session.SessionMiddleware.Invoke(HttpContext context)
   at Microsoft.AspNetCore.Session.SessionMiddleware.Invoke(HttpContext context)
   at Microsoft.AspNetCore.Authorization.AuthorizationMiddleware.Invoke(HttpContext context)
   at Microsoft.AspNetCore.Authentication.AuthenticationMiddleware.Invoke(HttpContext context)
   at Microsoft.AspNetCore.Diagnostics.EntityFrameworkCore.MigrationsEndPointMiddleware.Invoke(HttpContext context)
   at Microsoft.AspNetCore.Diagnostics.DeveloperExceptionPageMiddleware.Invoke(HttpContext context)
2021-08-27 15:46:59.394 +06:00 [ERR] An exception occurred while calculating the database error page content. Skipping display of the database error page.
System.InvalidOperationException: StatusCode cannot be set because the response has already started.
   at Microsoft.AspNetCore.Server.IIS.Core.IISHttpContext.ThrowResponseAlreadyStartedException(String name)
   at Microsoft.AspNetCore.Server.IIS.Core.IISHttpContext.set_StatusCode(Int32 value)
   at Microsoft.AspNetCore.Server.IIS.Core.IISHttpContext.Microsoft.AspNetCore.Http.Features.IHttpResponseFeature.set_StatusCode(Int32 value)
   at Microsoft.AspNetCore.Http.DefaultHttpResponse.set_StatusCode(Int32 value)
   at Microsoft.AspNetCore.Diagnostics.EntityFrameworkCore.Views.DatabaseErrorPage.ExecuteAsync()
   at Microsoft.Extensions.RazorViews.BaseView.ExecuteAsync(HttpContext context)
   at Microsoft.AspNetCore.Diagnostics.EntityFrameworkCore.DatabaseDeveloperPageExceptionFilter.HandleExceptionAsync(ErrorContext errorContext, Func`2 next)
2021-08-27 15:48:45.621 +06:00 [INF] Application Starting up
2021-08-27 15:55:46.728 +06:00 [INF] Application Starting up
2021-08-27 16:56:29.338 +06:00 [INF] Application Starting up
2021-08-27 16:59:58.780 +06:00 [INF] Application Starting up
2021-08-27 17:02:43.273 +06:00 [INF] Application Starting up
2021-08-27 17:05:28.846 +06:00 [INF] Application Starting up
